<?xml version="1.0" encoding="UTF-8"?>
<!-- Generated by org.testng.reporters.JUnitReportReporter -->
<testsuite hostname="ojt21-PC" name="DriverFactory.DriverScript" tests="1" failures="0" timestamp="10 Dec 2019 03:18:51 GMT" time="0.889" errors="0">
  <testcase name="StartTest" time="0.889" classname="DriverFactory.DriverScript"/>
</testsuite> <!-- DriverFactory.DriverScript -->
