<?xml version="1.0" encoding="UTF-8"?>
<!-- Generated by org.testng.reporters.JUnitReportReporter -->
<testsuite hostname="ojt21-PC" name="DriverFactory.driverscript2" tests="1" failures="0" timestamp="13 Dec 2019 03:06:37 GMT" time="34.743" errors="0">
  <testcase name="startTest" time="34.743" classname="DriverFactory.driverscript2"/>
</testsuite> <!-- DriverFactory.driverscript2 -->
